13:57:22,811 urbanGUI INFO Begining to fetch data on pools
14:18:43,815 urbanGUI ERROR Failed to fetch some data for address 0xbd5fdda17bc27bb90e37df7a838b1bfc0dc997f5 : "USDC_EURS_0xbd5fdda17bc27bb90e37df7a838b1bfc0dc997f5"
14:18:44,326 urbanGUI ERROR Failed to fetch some data for address 0x9db9e0e53058c89e5b94e29621a205198648425b : "WBTC_USDT_0x9db9e0e53058c89e5b94e29621a205198648425b"
14:18:57,939 urbanGUI ERROR Failed to fetch some data for address 0xd340b57aacdd10f96fc1cf10e15921936f41e29c : "wstETH_WETH_0xd340b57aacdd10f96fc1cf10e15921936f41e29c"
14:18:58,555 urbanGUI ERROR Failed to fetch some data for address 0x8661ae7918c0115af9e3691662f605e9c550ddc9 : "MANA_WETH_0x8661ae7918c0115af9e3691662f605e9c550ddc9"
14:25:40,20 urbanGUI ERROR Failed to fetch some data for address 0x73a6a761fe483ba19debb8f56ac5bbf14c0cdad1 : "SUSHI_WETH_0x73a6a761fe483ba19debb8f56ac5bbf14c0cdad1"
14:28:02,710 urbanGUI ERROR Failed to fetch some data for address 0xe16be1798f860bc1eb0feb64cd67ca00ae9b6e58 : "WETH_ENJ_0xe16be1798f860bc1eb0feb64cd67ca00ae9b6e58"
14:31:30,380 urbanGUI ERROR Failed to fetch some data for address 0xba8eb224b656681b2b8cce9c3fc920d98594675b : "RSR_WETH_0xba8eb224b656681b2b8cce9c3fc920d98594675b"
14:34:00,976 urbanGUI ERROR Failed to fetch some data for address 0xcbbc981bd5b358d09a9346726115d3ac8822d00b : "VXV_WETH_0xcbbc981bd5b358d09a9346726115d3ac8822d00b"
14:37:06,18 urbanGUI ERROR Failed to fetch some data for address 0x5aaa28ca43c6646fd1403e508f0fca1d92357dde : "LCX_WETH_0x5aaa28ca43c6646fd1403e508f0fca1d92357dde"
14:37:50,217 urbanGUI ERROR Failed to fetch some data for address 0x98409d8ca9629fbe01ab1b914ebf304175e384c8 : "WETH_VRA_0x98409d8ca9629fbe01ab1b914ebf304175e384c8"
14:37:50,833 urbanGUI ERROR Failed to fetch some data for address 0x3730ecd0aa7eb9b35a4e89b032bef80a1a41aa7f : "WBTC_renBTC_0x3730ecd0aa7eb9b35a4e89b032bef80a1a41aa7f"
14:38:57,703 urbanGUI ERROR Failed to fetch some data for address 0x4e0924d3a751be199c426d52fb1f2337fa96f736 : "LUSD_USDC_0x4e0924d3a751be199c426d52fb1f2337fa96f736"
14:39:45,730 urbanGUI ERROR Failed to fetch some data for address 0x1c98562a2fab5af19d8fb3291a36ac3c618835d9 : "Metis_WETH_0x1c98562a2fab5af19d8fb3291a36ac3c618835d9"
14:42:13,88 urbanGUI ERROR Failed to fetch some data for address 0x59c38b6775ded821f010dbd30ecabdcf84e04756 : "UNI_AAVE_0x59c38b6775ded821f010dbd30ecabdcf84e04756"
14:42:30,499 urbanGUI ERROR Failed to fetch some data for address 0x06b1655b9d560de112759b4f0bf57d6f005e72fe : "WETH_GTC_0x06b1655b9d560de112759b4f0bf57d6f005e72fe"
14:46:42,913 urbanGUI ERROR Failed to fetch some data for address 0xf4ad61db72f114be877e87d62dc5e7bd52df4d9b : "LDO_WETH_0xf4ad61db72f114be877e87d62dc5e7bd52df4d9b"
14:48:12,6 urbanGUI ERROR Failed to fetch some data for address 0x5859ebe6fd3bbc6bd646b73a5dbb09a5d7b6e7b7 : "SAND_WETH_0x5859ebe6fd3bbc6bd646b73a5dbb09a5d7b6e7b7"
14:48:12,429 urbanGUI ERROR Failed to fetch some data for address 0x2e4784446a0a06df3d1a040b03e1680ee266c35a : "CVX_WETH_0x2e4784446a0a06df3d1a040b03e1680ee266c35a"
14:52:01,82 urbanGUI ERROR Failed to fetch some data for address 0x8f8ef111b67c04eb1641f5ff19ee54cda062f163 : "WBTC_PAX_0x8f8ef111b67c04eb1641f5ff19ee54cda062f163"
14:56:39,613 urbanGUI ERROR Failed to fetch some data for address 0x7270233ccae676e776a659affc35219e6fcfbb10 : "USDC_wCFG_0x7270233ccae676e776a659affc35219e6fcfbb10"
14:56:40,335 urbanGUI ERROR Failed to fetch some data for address 0x93f267fd92b432bebf4da4e13b8615bb8eb2095c : "GUSD_USDC_0x93f267fd92b432bebf4da4e13b8615bb8eb2095c"
14:57:26,515 urbanGUI ERROR Failed to fetch some data for address 0x7ec0b75a98997c927ace6d87958147a105147ea0 : "YGG_USDC_0x7ec0b75a98997c927ace6d87958147a105147ea0"
